<?xml version="1.0" encoding="UTF-8"?>
<!-- Generated by org.testng.reporters.JUnitXMLReporter -->
<testsuite hostname="SJO-533JZW2LT" ignored="2" name="Default test" tests="1" failures="0" timestamp="07 Nov 2019 00:44:31 GMT" time="0.512" errors="0">
  <testcase name="deleteCatogoriesIDWithHeadersTest" time="0.485" classname="restcom.qa.test.DeleteAPITest"/>
  <testcase name="deleteStoresIDTest" time="0.0" classname="restcom.qa.test.DeleteAPITest">
    <ignored/>
  </testcase> <!-- deleteStoresIDTest -->
  <testcase name="deleteIDTest" time="0.0" classname="restcom.qa.test.DeleteAPITest">
    <ignored/>
  </testcase> <!-- deleteIDTest -->
</testsuite> <!-- Default test -->
