<?xml version="1.0" encoding="UTF-8"?>
<testng-results skipped="0" failed="1" ignored="0" total="2" passed="1">
  <reporter-output>
  </reporter-output>
  <suite name="Default suite" duration-ms="692" started-at="2019-11-12T15:32:00Z" finished-at="2019-11-12T15:32:01Z">
    <groups>
    </groups>
    <test name="Default test" duration-ms="692" started-at="2019-11-12T15:32:00Z" finished-at="2019-11-12T15:32:01Z">
      <class name="restcom.qa.test.PatchAPICategories">
        <test-method status="PASS" signature="setUp()[pri:0, instance:restcom.qa.test.PatchAPICategories@29774679]" name="setUp" is-config="true" duration-ms="5" started-at="2019-11-12T15:32:00Z" finished-at="2019-11-12T15:32:00Z">
          <reporter-output>
          </reporter-output>
        </test-method> <!-- setUp -->
        <test-method status="FAIL" signature="patchCategoriesIDTest()[pri:0, instance:restcom.qa.test.PatchAPICategories@29774679]" name="patchCategoriesIDTest" duration-ms="650" started-at="2019-11-12T15:32:00Z" finished-at="2019-11-12T15:32:01Z">
          <exception class="com.fasterxml.jackson.databind.exc.UnrecognizedPropertyException">
            <message>
              <![CDATA[Unrecognized field "createdAt" (class com.qa.data.UserCategories), not marked as ignorable (2 known properties: "name", "id"])
 at [Source: (String)"{"id":"abcat0020002","name":"Toddler toys","createdAt":"2016-11-17T17:57:04.285Z","updatedAt":"2019-11-12T15:32:01.247Z"}"; line: 1, column: 57] (through reference chain: com.qa.data.UserCategories["createdAt"])]]>
            </message>
            <full-stacktrace>
              <![CDATA[com.fasterxml.jackson.databind.exc.UnrecognizedPropertyException: Unrecognized field "createdAt" (class com.qa.data.UserCategories), not marked as ignorable (2 known properties: "name", "id"])
 at [Source: (String)"{"id":"abcat0020002","name":"Toddler toys","createdAt":"2016-11-17T17:57:04.285Z","updatedAt":"2019-11-12T15:32:01.247Z"}"; line: 1, column: 57] (through reference chain: com.qa.data.UserCategories["createdAt"])
at com.fasterxml.jackson.databind.exc.UnrecognizedPropertyException.from(UnrecognizedPropertyException.java:61)
at com.fasterxml.jackson.databind.DeserializationContext.handleUnknownProperty(DeserializationContext.java:823)
at com.fasterxml.jackson.databind.deser.std.StdDeserializer.handleUnknownProperty(StdDeserializer.java:1153)
at com.fasterxml.jackson.databind.deser.BeanDeserializerBase.handleUnknownProperty(BeanDeserializerBase.java:1589)
at com.fasterxml.jackson.databind.deser.BeanDeserializerBase.handleUnknownVanilla(BeanDeserializerBase.java:1567)
at com.fasterxml.jackson.databind.deser.BeanDeserializer.vanillaDeserialize(BeanDeserializer.java:294)
at com.fasterxml.jackson.databind.deser.BeanDeserializer.deserialize(BeanDeserializer.java:151)
at com.fasterxml.jackson.databind.ObjectMapper._readMapAndClose(ObjectMapper.java:4014)
at com.fasterxml.jackson.databind.ObjectMapper.readValue(ObjectMapper.java:3005)
at restcom.qa.test.PatchAPICategories.patchCategoriesIDTest(PatchAPICategories.java:94)
at sun.reflect.NativeMethodAccessorImpl.invoke0(Native Method)
at sun.reflect.NativeMethodAccessorImpl.invoke(NativeMethodAccessorImpl.java:62)
at sun.reflect.DelegatingMethodAccessorImpl.invoke(DelegatingMethodAccessorImpl.java:43)
at java.lang.reflect.Method.invoke(Method.java:498)
at org.testng.internal.MethodInvocationHelper.invokeMethod(MethodInvocationHelper.java:124)
at org.testng.internal.Invoker.invokeMethod(Invoker.java:583)
at org.testng.internal.Invoker.invokeTestMethod(Invoker.java:719)
at org.testng.internal.Invoker.invokeTestMethods(Invoker.java:989)
at org.testng.internal.TestMethodWorker.invokeTestMethods(TestMethodWorker.java:125)
at org.testng.internal.TestMethodWorker.run(TestMethodWorker.java:109)
at org.testng.TestRunner.privateRun(TestRunner.java:648)
at org.testng.TestRunner.run(TestRunner.java:505)
at org.testng.SuiteRunner.runTest(SuiteRunner.java:455)
at org.testng.SuiteRunner.runSequentially(SuiteRunner.java:450)
at org.testng.SuiteRunner.privateRun(SuiteRunner.java:415)
at org.testng.SuiteRunner.run(SuiteRunner.java:364)
at org.testng.SuiteRunnerWorker.runSuite(SuiteRunnerWorker.java:52)
at org.testng.SuiteRunnerWorker.run(SuiteRunnerWorker.java:84)
at org.testng.TestNG.runSuitesSequentially(TestNG.java:1208)
at org.testng.TestNG.runSuitesLocally(TestNG.java:1137)
at org.testng.TestNG.runSuites(TestNG.java:1049)
at org.testng.TestNG.run(TestNG.java:1017)
at org.testng.remote.AbstractRemoteTestNG.run(AbstractRemoteTestNG.java:115)
at org.testng.remote.RemoteTestNG.initAndRun(RemoteTestNG.java:251)
at org.testng.remote.RemoteTestNG.main(RemoteTestNG.java:77)
]]>
            </full-stacktrace>
          </exception> <!-- com.fasterxml.jackson.databind.exc.UnrecognizedPropertyException -->
          <reporter-output>
          </reporter-output>
        </test-method> <!-- patchCategoriesIDTest -->
        <test-method status="PASS" signature="setUp()[pri:0, instance:restcom.qa.test.PatchAPICategories@29774679]" name="setUp" is-config="true" duration-ms="0" started-at="2019-11-12T15:32:01Z" finished-at="2019-11-12T15:32:01Z">
          <reporter-output>
          </reporter-output>
        </test-method> <!-- setUp -->
        <test-method status="PASS" signature="test()[pri:0, instance:restcom.qa.test.PatchAPICategories@29774679]" name="test" duration-ms="16" started-at="2019-11-12T15:32:01Z" finished-at="2019-11-12T15:32:01Z">
          <reporter-output>
          </reporter-output>
        </test-method> <!-- test -->
      </class> <!-- restcom.qa.test.PatchAPICategories -->
    </test> <!-- Default test -->
  </suite> <!-- Default suite -->
</testng-results>
